<?xml version="1.0" encoding="UTF-8"?>
<coverage generated="1663133684957" clover="3.2.0">
  <project timestamp="1663133684957" name="All files">
    <metrics statements="54" coveredstatements="41" conditionals="23" coveredconditionals="9" methods="35" coveredmethods="20" elements="112" coveredelements="70" complexity="0" loc="54" ncloc="54" packages="5" files="7" classes="7"/>
    <package name="model">
      <metrics statements="17" coveredstatements="9" conditionals="9" coveredconditionals="1" methods="12" coveredmethods="2"/>
      <file name="LocalMockStorage.js" path="/Users/hsrocha/GitRepos/SoftwareEngineeringF2022/model/LocalMockStorage.js">
        <metrics statements="14" coveredstatements="6" conditionals="9" coveredconditionals="1" methods="11" coveredmethods="1"/>
        <line num="6" count="9" type="stmt"/>
        <line num="9" count="9" type="stmt"/>
        <line num="10" count="0" type="stmt"/>
        <line num="11" count="0" type="cond" truecount="0" falsecount="4"/>
        <line num="17" count="9" type="stmt"/>
        <line num="18" count="0" type="stmt"/>
        <line num="19" count="0" type="cond" truecount="0" falsecount="2"/>
        <line num="25" count="9" type="stmt"/>
        <line num="26" count="0" type="stmt"/>
        <line num="27" count="0" type="cond" truecount="0" falsecount="2"/>
        <line num="33" count="9" type="stmt"/>
        <line num="34" count="0" type="stmt"/>
        <line num="37" count="9" type="stmt"/>
        <line num="38" count="0" type="stmt"/>
      </file>
      <file name="LocalTestDbConnection.js" path="/Users/hsrocha/GitRepos/SoftwareEngineeringF2022/model/LocalTestDbConnection.js">
        <metrics statements="3" coveredstatements="3" conditionals="0" coveredconditionals="0" methods="1" coveredmethods="1"/>
        <line num="5" count="9" type="stmt"/>
        <line num="6" count="9" type="stmt"/>
        <line num="7" count="9" type="stmt"/>
      </file>
    </package>
    <package name="model.dao">
      <metrics statements="21" coveredstatements="16" conditionals="4" coveredconditionals="2" methods="16" coveredmethods="11"/>
      <file name="LocalGenericDao.js" path="/Users/hsrocha/GitRepos/SoftwareEngineeringF2022/model/dao/LocalGenericDao.js">
        <metrics statements="12" coveredstatements="9" conditionals="0" coveredconditionals="0" methods="13" coveredmethods="9"/>
        <line num="6" count="9" type="stmt"/>
        <line num="16" count="0" type="stmt"/>
        <line num="19" count="16" type="stmt"/>
        <line num="22" count="16" type="stmt"/>
        <line num="25" count="2" type="stmt"/>
        <line num="28" count="1" type="stmt"/>
        <line num="31" count="1" type="stmt"/>
        <line num="34" count="1" type="stmt"/>
        <line num="38" count="0" type="stmt"/>
        <line num="41" count="0" type="stmt"/>
        <line num="45" count="2" type="stmt"/>
        <line num="48" count="1" type="stmt"/>
      </file>
      <file name="UserDaoLocal.js" path="/Users/hsrocha/GitRepos/SoftwareEngineeringF2022/model/dao/UserDaoLocal.js">
        <metrics statements="9" coveredstatements="7" conditionals="4" coveredconditionals="2" methods="3" coveredmethods="2"/>
        <line num="11" count="0" type="stmt"/>
        <line num="15" count="7" type="stmt"/>
        <line num="16" count="7" type="stmt"/>
        <line num="17" count="7" type="stmt"/>
        <line num="29" count="1" type="stmt"/>
        <line num="30" count="1" type="cond" truecount="1" falsecount="1"/>
        <line num="33" count="1" type="cond" truecount="1" falsecount="1"/>
        <line num="35" count="1" type="stmt"/>
        <line num="38" count="0" type="stmt"/>
      </file>
    </package>
    <package name="model.entity">
      <metrics statements="6" coveredstatements="6" conditionals="2" coveredconditionals="2" methods="2" coveredmethods="2"/>
      <file name="UserEntity.js" path="/Users/hsrocha/GitRepos/SoftwareEngineeringF2022/model/entity/UserEntity.js">
        <metrics statements="6" coveredstatements="6" conditionals="2" coveredconditionals="2" methods="2" coveredmethods="2"/>
        <line num="8" count="2" type="stmt"/>
        <line num="9" count="2" type="stmt"/>
        <line num="12" count="3" type="cond" truecount="2" falsecount="0"/>
        <line num="13" count="2" type="stmt"/>
        <line num="17" count="1" type="stmt"/>
        <line num="18" count="1" type="stmt"/>
      </file>
    </package>
    <package name="util">
      <metrics statements="5" coveredstatements="5" conditionals="0" coveredconditionals="0" methods="4" coveredmethods="4"/>
      <file name="PasswordUtil.js" path="/Users/hsrocha/GitRepos/SoftwareEngineeringF2022/util/PasswordUtil.js">
        <metrics statements="5" coveredstatements="5" conditionals="0" coveredconditionals="0" methods="4" coveredmethods="4"/>
        <line num="7" count="2" type="stmt"/>
        <line num="8" count="9" type="stmt"/>
        <line num="9" count="144" type="stmt"/>
        <line num="20" count="9" type="stmt"/>
        <line num="33" count="3" type="stmt"/>
      </file>
    </package>
    <package name="view.components">
      <metrics statements="5" coveredstatements="5" conditionals="8" coveredconditionals="4" methods="1" coveredmethods="1"/>
      <file name="HelloWorld.js" path="/Users/hsrocha/GitRepos/SoftwareEngineeringF2022/view/components/HelloWorld.js">
        <metrics statements="5" coveredstatements="5" conditionals="8" coveredconditionals="4" methods="1" coveredmethods="1"/>
        <line num="6" count="1" type="stmt"/>
        <line num="7" count="1" type="cond" truecount="1" falsecount="1"/>
        <line num="8" count="1" type="cond" truecount="1" falsecount="1"/>
        <line num="9" count="1" type="cond" truecount="2" falsecount="2"/>
        <line num="11" count="1" type="stmt"/>
      </file>
    </package>
  </project>
</coverage>
