TN:
SF:model/LocalMockStorage.js
FN:5,(anonymous_0)
FN:9,(anonymous_1)
FN:10,(anonymous_2)
FN:17,(anonymous_3)
FN:18,(anonymous_4)
FN:25,(anonymous_5)
FN:26,(anonymous_6)
FN:33,(anonymous_7)
FN:34,(anonymous_8)
FN:37,(anonymous_9)
FN:38,(anonymous_10)
FNF:11
FNH:1
FNDA:9,(anonymous_0)
FNDA:0,(anonymous_1)
FNDA:0,(anonymous_2)
FNDA:0,(anonymous_3)
FNDA:0,(anonymous_4)
FNDA:0,(anonymous_5)
FNDA:0,(anonymous_6)
FNDA:0,(anonymous_7)
FNDA:0,(anonymous_8)
FNDA:0,(anonymous_9)
FNDA:0,(anonymous_10)
DA:6,9
DA:9,9
DA:10,0
DA:11,0
DA:17,9
DA:18,0
DA:19,0
DA:25,9
DA:26,0
DA:27,0
DA:33,9
DA:34,0
DA:37,9
DA:38,0
LF:14
LH:6
BRDA:5,0,0,9
BRDA:11,1,0,0
BRDA:11,1,1,0
BRDA:11,2,0,0
BRDA:11,2,1,0
BRDA:19,3,0,0
BRDA:19,3,1,0
BRDA:27,4,0,0
BRDA:27,4,1,0
BRF:9
BRH:1
end_of_record
TN:
SF:model/LocalTestDbConnection.js
FN:4,dbConnect
FNF:1
FNH:1
FNDA:9,dbConnect
DA:5,9
DA:6,9
DA:7,9
LF:3
LH:3
BRF:0
BRH:0
end_of_record
TN:
SF:model/dao/LocalGenericDao.js
FN:5,(anonymous_0)
FN:15,(anonymous_1)
FN:18,(anonymous_2)
FN:21,(anonymous_3)
FN:24,(anonymous_4)
FN:27,(anonymous_5)
FN:30,(anonymous_6)
FN:33,(anonymous_7)
FN:36,(anonymous_8)
FN:40,(anonymous_9)
FN:43,(anonymous_10)
FN:47,(anonymous_11)
FN:50,(anonymous_12)
FNF:13
FNH:9
FNDA:9,(anonymous_0)
FNDA:0,(anonymous_1)
FNDA:16,(anonymous_2)
FNDA:16,(anonymous_3)
FNDA:2,(anonymous_4)
FNDA:1,(anonymous_5)
FNDA:1,(anonymous_6)
FNDA:1,(anonymous_7)
FNDA:0,(anonymous_8)
FNDA:0,(anonymous_9)
FNDA:2,(anonymous_10)
FNDA:1,(anonymous_11)
FNDA:0,(anonymous_12)
DA:6,9
DA:16,0
DA:19,16
DA:22,16
DA:25,2
DA:28,1
DA:31,1
DA:34,1
DA:38,0
DA:41,0
DA:45,2
DA:48,1
LF:12
LH:9
BRF:0
BRH:0
end_of_record
TN:
SF:model/dao/UserDaoLocal.js
FN:10,(anonymous_0)
FN:14,(anonymous_1)
FN:28,(anonymous_2)
FNF:3
FNH:2
FNDA:0,(anonymous_0)
FNDA:7,(anonymous_1)
FNDA:1,(anonymous_2)
DA:11,0
DA:15,7
DA:16,7
DA:17,7
DA:29,1
DA:30,1
DA:33,1
DA:35,1
DA:38,0
LF:9
LH:7
BRDA:30,0,0,1
BRDA:30,0,1,0
BRDA:33,1,0,1
BRDA:33,1,1,0
BRF:4
BRH:2
end_of_record
TN:
SF:model/entity/UserEntity.js
FN:11,(anonymous_0)
FN:16,(anonymous_1)
FNF:2
FNH:2
FNDA:3,(anonymous_0)
FNDA:1,(anonymous_1)
DA:8,2
DA:9,2
DA:12,3
DA:13,2
DA:17,1
DA:18,1
LF:6
LH:6
BRDA:12,0,0,2
BRDA:12,0,1,1
BRF:2
BRH:2
end_of_record
TN:
SF:util/PasswordUtil.js
FN:7,(anonymous_0)
FN:9,(anonymous_1)
FN:19,(anonymous_2)
FN:32,(anonymous_3)
FNF:4
FNH:4
FNDA:9,(anonymous_0)
FNDA:144,(anonymous_1)
FNDA:9,(anonymous_2)
FNDA:3,(anonymous_3)
DA:7,2
DA:8,9
DA:9,144
DA:20,9
DA:33,3
LF:5
LH:5
BRF:0
BRH:0
end_of_record
TN:
SF:view/components/HelloWorld.js
FN:5,HelloWorld
FNF:1
FNH:1
FNDA:1,HelloWorld
DA:6,1
DA:7,1
DA:8,1
DA:9,1
DA:11,1
LF:5
LH:5
BRDA:7,0,0,0
BRDA:7,0,1,1
BRDA:8,1,0,0
BRDA:8,1,1,1
BRDA:9,2,0,0
BRDA:9,2,1,1
BRDA:9,3,0,1
BRDA:9,3,1,0
BRF:8
BRH:4
end_of_record
